[INFO]  2024/06/11 12:49:40 main.go:32: Server is running on port  :8088
[INFO]  2024/06/11 12:50:40 main.go:32: Server is running on port  :8088
[INFO]  2024/06/11 12:55:44 main.go:32: Server is running on port  :8088
[INFO]  2024/06/11 12:57:34 main.go:32: Server is running on port  :8088
[INFO]  2024/06/11 12:57:58 main.go:32: Server is running on port  :8088
[INFO]  2024/06/11 12:58:21 main.go:32: Server is running on port  :8088
[INFO]  2024/06/11 12:58:33 main.go:32: Server is running on port  :8088
[ERROR]  2024/06/11 13:46:38 checkErr.go:17: pq: role "mrbek" does not exist
[INFO]  2024/06/11 13:48:17 main.go:32: Server is running on port  :8088
[INFO]  2024/06/11 14:46:42 main.go:32: Server is running on port  :8088
[ERROR]  2024/06/11 19:02:40 checkErr.go:17: sql: unknown driver "postgres" (forgotten import?)
[ERROR]  2024/06/11 19:02:58 checkErr.go:17: pq: password authentication failed for user "postgres"
[ERROR]  2024/06/11 19:14:42 reservation.go:50: Error while creating reservation
[INFO]  2024/06/11 19:16:36 reservation.go:61: Successfully created reservation
[INFO]  2024/06/11 19:17:28 reservation.go:61: Successfully created reservation
[ERROR]  2024/06/11 19:20:34 reservation.go:229: Error while deleting reservation
[ERROR]  2024/06/11 19:22:49 reservation.go:215: Error while updating reservation
[ERROR]  2024/06/11 19:23:32 reservation.go:215: Error while updating reservation
[ERROR]  2024/06/11 19:23:43 reservation.go:215: Error while updating reservation
[ERROR]  2024/06/11 19:24:04 reservation.go:215: Error while updating reservation
[INFO]  2024/06/13 00:28:40 reservation.go:123: Successfully fetched reservation by id
[INFO]  2024/06/13 00:32:43 reservation.go:123: Successfully fetched reservation by id
[ERROR]  2024/06/13 00:33:11 reservation.go:176: Error while getting all reservations :  pq: relation "users" does not exist
[INFO]  2024/06/13 00:40:12 reservation.go:224: Successfully fetched all reservations
[INFO]  2024/06/13 09:43:42 reservation.go:224: Successfully fetched all reservations
[INFO]  2024/06/13 10:08:49 restaurant.go:56: Successfully created restaurant
[INFO]  2024/06/13 10:29:44 restaurant.go:57: Successfully created restaurant
[INFO]  2024/06/13 10:29:44 restaurant.go:57: Successfully created restaurant
[INFO]  2024/06/13 10:30:21 restaurant.go:185: Successfully deleted restaurant
[INFO]  2024/06/13 10:33:23 reservation.go:59: Successfully created reservation
[INFO]  2024/06/13 10:35:09 reservation.go:263: Successfully deleted reservation
[INFO]  2024/06/13 10:35:28 reservation.go:224: Successfully fetched all reservations
[INFO]  2024/06/13 10:38:19 menu.go:56: Successfully created menu
[ERROR]  2024/06/13 11:21:27 menu.go:84: Error while getting menu by id :  pq: syntax error at or near ","
[ERROR]  2024/06/13 11:23:27 menu.go:93: Error while getting menu by id :  pq: column reference "id" is ambiguous
[ERROR]  2024/06/13 11:24:54 menu.go:94: Error while getting menu by id :  pq: column reference "id" is ambiguous
